<?xml version="1.0" encoding="UTF-8"?>
<!-- Generated by org.testng.reporters.JUnitXMLReporter -->
<testsuite ignored="0" hostname="Tohidurs-Air" failures="0" tests="3" name="methods" time="20.734" errors="0" timestamp="2022-09-04T17:24:25 BST">
  <testcase classname="com.qa.practice.testcases.loginPageTest" name="paymentlogoTest" time="0.345"/>
  <testcase classname="com.qa.practice.testcases.loginPageTest" name="phpLogoTest" time="0.114"/>
  <testcase classname="com.qa.practice.testcases.loginPageTest" name="validLoginTest" time="3.201"/>
</testsuite> <!-- methods -->
