<?xml version="1.0" encoding="UTF-8"?>
<!-- Generated by org.testng.reporters.JUnitXMLReporter -->
<testsuite ignored="0" hostname="Tohidurs-Air" failures="1" tests="1" name="methods" time="11.62" errors="0" timestamp="2022-09-20T16:05:28 BST">
  <testcase classname="com.qa.practice.testcases.DashBoardTest" name="dashboardWalletTest" time="0.1">
    <failure type="java.lang.AssertionError" message="expected [true] but found [false]">
      <![CDATA[java.lang.AssertionError: expected [true] but found [false]
at com.qa.practice.testcases.DashBoardTest.dashboardWalletTest(DashBoardTest.java:38)
at java.base/java.util.ArrayList.forEach(ArrayList.java:1541)
... Removed 31 stack frames]]>
    </failure>
  </testcase> <!-- dashboardWalletTest -->
</testsuite> <!-- methods -->
