<?xml version="1.0" encoding="UTF-8"?>
<!-- Generated by org.testng.reporters.JUnitXMLReporter -->
<testsuite ignored="4" hostname="Tohidurs-Air" failures="0" tests="0" time="0.073" errors="0" timestamp="2022-09-11T16:49:29 BST">
  <testcase classname="com.qa.practice.testcases.loginPageTest" name="phpLogoTest" time="0.0">
    <ignored/>
  </testcase> <!-- phpLogoTest -->
  <testcase classname="com.qa.practice.testcases.loginPageTest" name="paymentlogoTest" time="0.0">
    <ignored/>
  </testcase> <!-- paymentlogoTest -->
  <testcase classname="com.qa.practice.testcases.loginPageTest" name="validLoginTest" time="0.0">
    <ignored/>
  </testcase> <!-- validLoginTest -->
  <testcase classname="com.qa.practice.testcases.loginPageTest" name="invalidLoginTest" time="0.0">
    <ignored/>
  </testcase> <!-- invalidLoginTest -->
</testsuite>
