<?xml version="1.0" encoding="UTF-8" ?>
<testsuite tests="18" failures="2" name="TestSuite" time="18.976" errors="0" skipped="16">
  <properties>
[...]
</properties>
  <testcase classname="com.qa.practice.testcases.DashBoardTest" name="setup" time="14.068">
    <failure message="timeout: Timed out receiving message from renderer: 0.100
  (Session info: chrome=106.0.5249.119)
Build info: version: &apos;3.141.59&apos;, revision: &apos;e82be7d358&apos;, time: &apos;2018-11-14T08:17:03&apos;
System info: host: &apos;Tohidurs-Air&apos;, ip: &apos;2a02:c7e:10b3:1200:f569:25de:f6b3:14f7%en0&apos;, os.name: &apos;Mac OS X&apos;, os.arch: &apos;x86_64&apos;, os.version: &apos;10.15.7&apos;, java.version: &apos;11.0.15.1&apos;
Driver info: org.openqa.selenium.chrome.ChromeDriver
Capabilities {acceptInsecureCerts: false, browserName: chrome, browserVersion: 106.0.5249.119, chrome: {chromedriverVersion: 106.0.5249.61 (511755355844..., userDataDir: /var/folders/hw/9qtphsf54yb...}, goog:chromeOptions: {debuggerAddress: localhost:54494}, javascriptEnabled: true, networkConnectionEnabled: false, pageLoadStrategy: normal, platform: MAC, platformName: MAC, proxy: Proxy(), setWindowRect: true, strictFileInteractability: false, timeouts: {implicit: 0, pageLoad: 300000, script: 30000}, unhandledPromptBehavior: dismiss and notify, webauthn:extension:credBlob: true, webauthn:extension:largeBlob: true, webauthn:virtualAuthenticators: true}
Session ID: c802c81badfce2f10976f130622a2071" type="org.openqa.selenium.TimeoutException">org.openqa.selenium.TimeoutException: timeout: Timed out receiving message from renderer: 0.100
  (Session info: chrome=106.0.5249.119)
Build info: version: &apos;3.141.59&apos;, revision: &apos;e82be7d358&apos;, time: &apos;2018-11-14T08:17:03&apos;
System info: host: &apos;Tohidurs-Air&apos;, ip: &apos;2a02:c7e:10b3:1200:f569:25de:f6b3:14f7%en0&apos;, os.name: &apos;Mac OS X&apos;, os.arch: &apos;x86_64&apos;, os.version: &apos;10.15.7&apos;, java.version: &apos;11.0.15.1&apos;
Driver info: org.openqa.selenium.chrome.ChromeDriver
Capabilities {acceptInsecureCerts: false, browserName: chrome, browserVersion: 106.0.5249.119, chrome: {chromedriverVersion: 106.0.5249.61 (511755355844..., userDataDir: /var/folders/hw/9qtphsf54yb...}, goog:chromeOptions: {debuggerAddress: localhost:54494}, javascriptEnabled: true, networkConnectionEnabled: false, pageLoadStrategy: normal, platform: MAC, platformName: MAC, proxy: Proxy(), setWindowRect: true, strictFileInteractability: false, timeouts: {implicit: 0, pageLoad: 300000, script: 30000}, unhandledPromptBehavior: dismiss and notify, webauthn:extension:credBlob: true, webauthn:extension:largeBlob: true, webauthn:virtualAuthenticators: true}
Session ID: c802c81badfce2f10976f130622a2071
	at java.base/jdk.internal.reflect.NativeConstructorAccessorImpl.newInstance0(Native Method)
	at java.base/jdk.internal.reflect.NativeConstructorAccessorImpl.newInstance(NativeConstructorAccessorImpl.java:62)
	at java.base/jdk.internal.reflect.DelegatingConstructorAccessorImpl.newInstance(DelegatingConstructorAccessorImpl.java:45)
	at java.base/java.lang.reflect.Constructor.newInstance(Constructor.java:490)
	at org.openqa.selenium.remote.http.W3CHttpResponseCodec.createException(W3CHttpResponseCodec.java:187)
	at org.openqa.selenium.remote.http.W3CHttpResponseCodec.decode(W3CHttpResponseCodec.java:122)
	at org.openqa.selenium.remote.http.W3CHttpResponseCodec.decode(W3CHttpResponseCodec.java:49)
	at org.openqa.selenium.remote.HttpCommandExecutor.execute(HttpCommandExecutor.java:158)
	at org.openqa.selenium.remote.service.DriverCommandExecutor.execute(DriverCommandExecutor.java:83)
	at org.openqa.selenium.remote.RemoteWebDriver.execute(RemoteWebDriver.java:552)
	at org.openqa.selenium.remote.RemoteWebDriver.get(RemoteWebDriver.java:277)
	at com.qa.practice.base.TestBase.driver_int(TestBase.java:64)
	at com.qa.practice.testcases.DashBoardTest.setup(DashBoardTest.java:27)
</failure>
    <system-out>Configuring TestNG with: org.apache.maven.surefire.testng.conf.TestNG652Configurator@7b69c6ba
</system-out>
    <system-err>SLF4J: Failed to load class &quot;org.slf4j.impl.StaticLoggerBinder&quot;.
SLF4J: Defaulting to no-operation (NOP) logger implementation
SLF4J: See http://www.slf4j.org/codes.html#StaticLoggerBinder for further details.
Starting ChromeDriver 106.0.5249.61 (511755355844955cd3e264779baf0dd38212a4d0-refs/branch-heads/5249@{#569}) on port 20183
Only local connections are allowed.
Please see https://chromedriver.chromium.org/security-considerations for suggestions on keeping ChromeDriver safe.
ChromeDriver was started successfully.
Oct 15, 2022 4:13:15 PM org.openqa.selenium.remote.ProtocolHandshake createSession
INFO: Detected dialect: W3C
[1665846799.065][SEVERE]: Timed out receiving message from renderer: 0.100
[1665846799.071][SEVERE]: Timed out receiving message from renderer: 0.100
</system-err>
  </testcase>
  <testcase classname="com.qa.practice.testcases.DashBoardTest" name="dashboardWalletTest" time="0">
    <skipped/>
  </testcase>
  <testcase classname="com.qa.practice.testcases.DashBoardTest" name="teardown" time="0">
    <skipped/>
  </testcase>
  <testcase classname="com.qa.practice.testcases.loginPageTest" name="setUp" time="4.892">
    <failure message="timeout: Timed out receiving message from renderer: 0.769
  (Session info: chrome=106.0.5249.119)
Build info: version: &apos;3.141.59&apos;, revision: &apos;e82be7d358&apos;, time: &apos;2018-11-14T08:17:03&apos;
System info: host: &apos;Tohidurs-Air&apos;, ip: &apos;2a02:c7e:10b3:1200:f569:25de:f6b3:14f7%en0&apos;, os.name: &apos;Mac OS X&apos;, os.arch: &apos;x86_64&apos;, os.version: &apos;10.15.7&apos;, java.version: &apos;11.0.15.1&apos;
Driver info: org.openqa.selenium.chrome.ChromeDriver
Capabilities {acceptInsecureCerts: false, browserName: chrome, browserVersion: 106.0.5249.119, chrome: {chromedriverVersion: 106.0.5249.61 (511755355844..., userDataDir: /var/folders/hw/9qtphsf54yb...}, goog:chromeOptions: {debuggerAddress: localhost:54508}, javascriptEnabled: true, networkConnectionEnabled: false, pageLoadStrategy: normal, platform: MAC, platformName: MAC, proxy: Proxy(), setWindowRect: true, strictFileInteractability: false, timeouts: {implicit: 0, pageLoad: 300000, script: 30000}, unhandledPromptBehavior: dismiss and notify, webauthn:extension:credBlob: true, webauthn:extension:largeBlob: true, webauthn:virtualAuthenticators: true}
Session ID: b3e595d45278524650f5d34e25936890" type="org.openqa.selenium.TimeoutException">org.openqa.selenium.TimeoutException: timeout: Timed out receiving message from renderer: 0.769
  (Session info: chrome=106.0.5249.119)
Build info: version: &apos;3.141.59&apos;, revision: &apos;e82be7d358&apos;, time: &apos;2018-11-14T08:17:03&apos;
System info: host: &apos;Tohidurs-Air&apos;, ip: &apos;2a02:c7e:10b3:1200:f569:25de:f6b3:14f7%en0&apos;, os.name: &apos;Mac OS X&apos;, os.arch: &apos;x86_64&apos;, os.version: &apos;10.15.7&apos;, java.version: &apos;11.0.15.1&apos;
Driver info: org.openqa.selenium.chrome.ChromeDriver
Capabilities {acceptInsecureCerts: false, browserName: chrome, browserVersion: 106.0.5249.119, chrome: {chromedriverVersion: 106.0.5249.61 (511755355844..., userDataDir: /var/folders/hw/9qtphsf54yb...}, goog:chromeOptions: {debuggerAddress: localhost:54508}, javascriptEnabled: true, networkConnectionEnabled: false, pageLoadStrategy: normal, platform: MAC, platformName: MAC, proxy: Proxy(), setWindowRect: true, strictFileInteractability: false, timeouts: {implicit: 0, pageLoad: 300000, script: 30000}, unhandledPromptBehavior: dismiss and notify, webauthn:extension:credBlob: true, webauthn:extension:largeBlob: true, webauthn:virtualAuthenticators: true}
Session ID: b3e595d45278524650f5d34e25936890
	at java.base/jdk.internal.reflect.NativeConstructorAccessorImpl.newInstance0(Native Method)
	at java.base/jdk.internal.reflect.NativeConstructorAccessorImpl.newInstance(NativeConstructorAccessorImpl.java:62)
	at java.base/jdk.internal.reflect.DelegatingConstructorAccessorImpl.newInstance(DelegatingConstructorAccessorImpl.java:45)
	at java.base/java.lang.reflect.Constructor.newInstance(Constructor.java:490)
	at org.openqa.selenium.remote.http.W3CHttpResponseCodec.createException(W3CHttpResponseCodec.java:187)
	at org.openqa.selenium.remote.http.W3CHttpResponseCodec.decode(W3CHttpResponseCodec.java:122)
	at org.openqa.selenium.remote.http.W3CHttpResponseCodec.decode(W3CHttpResponseCodec.java:49)
	at org.openqa.selenium.remote.HttpCommandExecutor.execute(HttpCommandExecutor.java:158)
	at org.openqa.selenium.remote.service.DriverCommandExecutor.execute(DriverCommandExecutor.java:83)
	at org.openqa.selenium.remote.RemoteWebDriver.execute(RemoteWebDriver.java:552)
	at org.openqa.selenium.remote.RemoteWebDriver.get(RemoteWebDriver.java:277)
	at com.qa.practice.base.TestBase.driver_int(TestBase.java:64)
	at com.qa.practice.testcases.loginPageTest.setUp(loginPageTest.java:25)
</failure>
    <system-err>Starting ChromeDriver 106.0.5249.61 (511755355844955cd3e264779baf0dd38212a4d0-refs/branch-heads/5249@{#569}) on port 39183
Only local connections are allowed.
Please see https://chromedriver.chromium.org/security-considerations for suggestions on keeping ChromeDriver safe.
ChromeDriver was started successfully.
Oct 15, 2022 4:13:20 PM org.openqa.selenium.remote.ProtocolHandshake createSession
INFO: Detected dialect: W3C
[1665846804.034][SEVERE]: Timed out receiving message from renderer: 0.769
[1665846804.039][SEVERE]: Timed out receiving message from renderer: 0.769
</system-err>
  </testcase>
  <testcase classname="com.qa.practice.testcases.loginPageTest" name="invalidLoginTest" time="0">
    <skipped/>
  </testcase>
  <testcase classname="com.qa.practice.testcases.loginPageTest" name="tearDown" time="0">
    <skipped/>
  </testcase>
  <testcase classname="com.qa.practice.testcases.loginPageTest" name="setUp" time="0">
    <skipped/>
  </testcase>
  <testcase classname="com.qa.practice.testcases.loginPageTest" name="invalidLoginTest" time="0">
    <skipped/>
  </testcase>
  <testcase classname="com.qa.practice.testcases.loginPageTest" name="tearDown" time="0.004">
    <skipped/>
  </testcase>
  <testcase classname="com.qa.practice.testcases.loginPageTest" name="setUp" time="0.007">
    <skipped/>
  </testcase>
  <testcase classname="com.qa.practice.testcases.loginPageTest" name="validLoginTest" time="0">
    <skipped/>
  </testcase>
  <testcase classname="com.qa.practice.testcases.loginPageTest" name="tearDown" time="0">
    <skipped/>
  </testcase>
  <testcase classname="com.qa.practice.testcases.loginPageTest" name="setUp" time="0">
    <skipped/>
  </testcase>
  <testcase classname="com.qa.practice.testcases.loginPageTest" name="phpLogoTest" time="0">
    <skipped/>
  </testcase>
  <testcase classname="com.qa.practice.testcases.loginPageTest" name="tearDown" time="0.002">
    <skipped/>
  </testcase>
  <testcase classname="com.qa.practice.testcases.loginPageTest" name="setUp" time="0.002">
    <skipped/>
  </testcase>
  <testcase classname="com.qa.practice.testcases.loginPageTest" name="paymentlogoTest" time="0">
    <skipped/>
  </testcase>
  <testcase classname="com.qa.practice.testcases.loginPageTest" name="tearDown" time="0.001">
    <skipped/>
  </testcase>
</testsuite>