<?xml version="1.0" encoding="UTF-8"?>
<testng-results ignored="0" total="5" passed="4" failed="1" skipped="0">
  <reporter-output>
  </reporter-output>
  <suite started-at="2022-09-20T15:45:36 BST" name="Php Regression Suite" finished-at="2022-09-20T15:46:07 BST" duration-ms="31046">
    <groups>
    </groups>
    <test started-at="2022-09-20T15:45:36 BST" name="methods" finished-at="2022-09-20T15:46:07 BST" duration-ms="31046">
      <class name="com.qa.practice.testcases.loginPageTest">
        <test-method is-config="true" signature="setUp()[pri:0, instance:com.qa.practice.testcases.loginPageTest@4efc180e]" started-at="2022-09-20T15:45:36 BST" name="setUp" finished-at="2022-09-20T15:45:41 BST" duration-ms="5573" status="PASS">
          <reporter-output>
          </reporter-output>
        </test-method> <!-- setUp -->
        <test-method signature="invalidLoginTest(java.lang.String,java.lang.String)[pri:0, instance:com.qa.practice.testcases.loginPageTest@4efc180e]" started-at="2022-09-20T15:45:41 BST" name="invalidLoginTest" data-provider="MyData" finished-at="2022-09-20T15:45:46 BST" duration-ms="4227" status="PASS">
          <params>
            <param index="0">
              <value>
                <![CDATA[user@phptravelsff.com]]>
              </value>
            </param>
            <param index="1">
              <value>
                <![CDATA[demouserff]]>
              </value>
            </param>
          </params>
          <reporter-output>
          </reporter-output>
        </test-method> <!-- invalidLoginTest -->
        <test-method is-config="true" signature="tearDown()[pri:0, instance:com.qa.practice.testcases.loginPageTest@4efc180e]" started-at="2022-09-20T15:45:46 BST" name="tearDown" finished-at="2022-09-20T15:45:46 BST" duration-ms="83" status="PASS">
          <reporter-output>
          </reporter-output>
        </test-method> <!-- tearDown -->
        <test-method is-config="true" signature="setUp()[pri:0, instance:com.qa.practice.testcases.loginPageTest@4efc180e]" started-at="2022-09-20T15:45:46 BST" name="setUp" finished-at="2022-09-20T15:45:48 BST" duration-ms="2132" status="PASS">
          <reporter-output>
          </reporter-output>
        </test-method> <!-- setUp -->
        <test-method signature="invalidLoginTest(java.lang.String,java.lang.String)[pri:0, instance:com.qa.practice.testcases.loginPageTest@4efc180e]" started-at="2022-09-20T15:45:48 BST" name="invalidLoginTest" data-provider="MyData" finished-at="2022-09-20T15:45:52 BST" duration-ms="4159" status="PASS">
          <params>
            <param index="0">
              <value>
                <![CDATA[user@phptravelsffff.com]]>
              </value>
            </param>
            <param index="1">
              <value>
                <![CDATA[demouser]]>
              </value>
            </param>
          </params>
          <reporter-output>
          </reporter-output>
        </test-method> <!-- invalidLoginTest -->
        <test-method is-config="true" signature="tearDown()[pri:0, instance:com.qa.practice.testcases.loginPageTest@4efc180e]" started-at="2022-09-20T15:45:52 BST" name="tearDown" finished-at="2022-09-20T15:45:52 BST" duration-ms="86" status="PASS">
          <reporter-output>
          </reporter-output>
        </test-method> <!-- tearDown -->
        <test-method is-config="true" signature="setUp()[pri:0, instance:com.qa.practice.testcases.loginPageTest@4efc180e]" started-at="2022-09-20T15:45:52 BST" name="setUp" finished-at="2022-09-20T15:45:54 BST" duration-ms="2269" status="PASS">
          <reporter-output>
          </reporter-output>
        </test-method> <!-- setUp -->
        <test-method signature="validLoginTest()[pri:1, instance:com.qa.practice.testcases.loginPageTest@4efc180e]" started-at="2022-09-20T15:45:54 BST" name="validLoginTest" finished-at="2022-09-20T15:46:02 BST" duration-ms="7413" status="FAIL">
          <exception class="org.openqa.selenium.TimeoutException">
            <message>
              <![CDATA[Expected condition failed: waiting for visibility of [[ChromeDriver: chrome on MAC (96c01947a3001aa6ba1258ba9519be3f)] -> xpath: //span[text()='Welcome Back']] (tried for 5 second(s) with 500 milliseconds interval)
Build info: version: '3.141.59', revision: 'e82be7d358', time: '2018-11-14T08:17:03'
System info: host: 'Tohidurs-Air', ip: '2a02:c7e:10b3:1200:94f2:4b17:1266:aa2%en0', os.name: 'Mac OS X', os.arch: 'x86_64', os.version: '10.15.7', java.version: '11.0.15.1'
Driver info: org.openqa.selenium.chrome.ChromeDriver
Capabilities {acceptInsecureCerts: false, browserName: chrome, browserVersion: 105.0.5195.125, chrome: {chromedriverVersion: 105.0.5195.52 (412c95e51883..., userDataDir: /var/folders/hw/9qtphsf54yb...}, goog:chromeOptions: {debuggerAddress: localhost:61312}, javascriptEnabled: true, networkConnectionEnabled: false, pageLoadStrategy: normal, platform: MAC, platformName: MAC, proxy: Proxy(), setWindowRect: true, strictFileInteractability: false, timeouts: {implicit: 0, pageLoad: 300000, script: 30000}, unhandledPromptBehavior: dismiss and notify, webauthn:extension:credBlob: true, webauthn:extension:largeBlob: true, webauthn:virtualAuthenticators: true}
Session ID: 96c01947a3001aa6ba1258ba9519be3f]]>
            </message>
            <full-stacktrace>
              <![CDATA[org.openqa.selenium.TimeoutException: Expected condition failed: waiting for visibility of [[ChromeDriver: chrome on MAC (96c01947a3001aa6ba1258ba9519be3f)] -> xpath: //span[text()='Welcome Back']] (tried for 5 second(s) with 500 milliseconds interval)
Build info: version: '3.141.59', revision: 'e82be7d358', time: '2018-11-14T08:17:03'
System info: host: 'Tohidurs-Air', ip: '2a02:c7e:10b3:1200:94f2:4b17:1266:aa2%en0', os.name: 'Mac OS X', os.arch: 'x86_64', os.version: '10.15.7', java.version: '11.0.15.1'
Driver info: org.openqa.selenium.chrome.ChromeDriver
Capabilities {acceptInsecureCerts: false, browserName: chrome, browserVersion: 105.0.5195.125, chrome: {chromedriverVersion: 105.0.5195.52 (412c95e51883..., userDataDir: /var/folders/hw/9qtphsf54yb...}, goog:chromeOptions: {debuggerAddress: localhost:61312}, javascriptEnabled: true, networkConnectionEnabled: false, pageLoadStrategy: normal, platform: MAC, platformName: MAC, proxy: Proxy(), setWindowRect: true, strictFileInteractability: false, timeouts: {implicit: 0, pageLoad: 300000, script: 30000}, unhandledPromptBehavior: dismiss and notify, webauthn:extension:credBlob: true, webauthn:extension:largeBlob: true, webauthn:virtualAuthenticators: true}
Session ID: 96c01947a3001aa6ba1258ba9519be3f
at org.openqa.selenium.support.ui.WebDriverWait.timeoutException(WebDriverWait.java:95)
at org.openqa.selenium.support.ui.FluentWait.until(FluentWait.java:272)
at com.qa.practice.pages.DashBoard.userNameAfterLogin(DashBoard.java:41)
at com.qa.practice.testcases.loginPageTest.validLoginTest(loginPageTest.java:36)
at java.base/jdk.internal.reflect.NativeMethodAccessorImpl.invoke0(Native Method)
at java.base/jdk.internal.reflect.NativeMethodAccessorImpl.invoke(NativeMethodAccessorImpl.java:62)
at java.base/jdk.internal.reflect.DelegatingMethodAccessorImpl.invoke(DelegatingMethodAccessorImpl.java:43)
at java.base/java.lang.reflect.Method.invoke(Method.java:566)
at org.testng.internal.invokers.MethodInvocationHelper.invokeMethod(MethodInvocationHelper.java:139)
at org.testng.internal.invokers.TestInvoker.invokeMethod(TestInvoker.java:677)
at org.testng.internal.invokers.TestInvoker.invokeTestMethod(TestInvoker.java:221)
at org.testng.internal.invokers.MethodRunner.runInSequence(MethodRunner.java:50)
at org.testng.internal.invokers.TestInvoker$MethodInvocationAgent.invoke(TestInvoker.java:962)
at org.testng.internal.invokers.TestInvoker.invokeTestMethods(TestInvoker.java:194)
at org.testng.internal.invokers.TestMethodWorker.invokeTestMethods(TestMethodWorker.java:148)
at org.testng.internal.invokers.TestMethodWorker.run(TestMethodWorker.java:128)
at java.base/java.util.ArrayList.forEach(ArrayList.java:1541)
at org.testng.TestRunner.privateRun(TestRunner.java:806)
at org.testng.TestRunner.run(TestRunner.java:601)
at org.testng.SuiteRunner.runTest(SuiteRunner.java:433)
at org.testng.SuiteRunner.runSequentially(SuiteRunner.java:427)
at org.testng.SuiteRunner.privateRun(SuiteRunner.java:387)
at org.testng.SuiteRunner.run(SuiteRunner.java:330)
at org.testng.SuiteRunnerWorker.runSuite(SuiteRunnerWorker.java:52)
at org.testng.SuiteRunnerWorker.run(SuiteRunnerWorker.java:95)
at org.testng.TestNG.runSuitesSequentially(TestNG.java:1256)
at org.testng.TestNG.runSuitesLocally(TestNG.java:1176)
at org.testng.TestNG.runSuites(TestNG.java:1099)
at org.testng.TestNG.run(TestNG.java:1067)
at org.apache.maven.surefire.testng.TestNGExecutor.run(TestNGExecutor.java:324)
at org.apache.maven.surefire.testng.TestNGXmlTestSuite.execute(TestNGXmlTestSuite.java:74)
at org.apache.maven.surefire.testng.TestNGProvider.invoke(TestNGProvider.java:123)
at org.apache.maven.surefire.booter.ForkedBooter.runSuitesInProcess(ForkedBooter.java:456)
at org.apache.maven.surefire.booter.ForkedBooter.execute(ForkedBooter.java:169)
at org.apache.maven.surefire.booter.ForkedBooter.run(ForkedBooter.java:595)
at org.apache.maven.surefire.booter.ForkedBooter.main(ForkedBooter.java:581)
]]>
            </full-stacktrace>
          </exception> <!-- org.openqa.selenium.TimeoutException -->
          <reporter-output>
          </reporter-output>
        </test-method> <!-- validLoginTest -->
        <test-method is-config="true" signature="tearDown()[pri:0, instance:com.qa.practice.testcases.loginPageTest@4efc180e]" started-at="2022-09-20T15:46:02 BST" name="tearDown" finished-at="2022-09-20T15:46:02 BST" duration-ms="91" status="PASS">
          <reporter-output>
          </reporter-output>
        </test-method> <!-- tearDown -->
        <test-method is-config="true" signature="setUp()[pri:0, instance:com.qa.practice.testcases.loginPageTest@4efc180e]" started-at="2022-09-20T15:46:02 BST" name="setUp" finished-at="2022-09-20T15:46:04 BST" duration-ms="2403" status="PASS">
          <reporter-output>
          </reporter-output>
        </test-method> <!-- setUp -->
        <test-method signature="phpLogoTest()[pri:2, instance:com.qa.practice.testcases.loginPageTest@4efc180e]" started-at="2022-09-20T15:46:04 BST" name="phpLogoTest" finished-at="2022-09-20T15:46:04 BST" duration-ms="41" status="PASS">
          <reporter-output>
          </reporter-output>
        </test-method> <!-- phpLogoTest -->
        <test-method is-config="true" signature="tearDown()[pri:0, instance:com.qa.practice.testcases.loginPageTest@4efc180e]" started-at="2022-09-20T15:46:04 BST" name="tearDown" finished-at="2022-09-20T15:46:04 BST" duration-ms="85" status="PASS">
          <reporter-output>
          </reporter-output>
        </test-method> <!-- tearDown -->
        <test-method is-config="true" signature="setUp()[pri:0, instance:com.qa.practice.testcases.loginPageTest@4efc180e]" started-at="2022-09-20T15:46:04 BST" name="setUp" finished-at="2022-09-20T15:46:07 BST" duration-ms="2246" status="PASS">
          <reporter-output>
          </reporter-output>
        </test-method> <!-- setUp -->
        <test-method signature="paymentlogoTest()[pri:3, instance:com.qa.practice.testcases.loginPageTest@4efc180e]" started-at="2022-09-20T15:46:07 BST" name="paymentlogoTest" finished-at="2022-09-20T15:46:07 BST" duration-ms="44" status="PASS">
          <reporter-output>
          </reporter-output>
        </test-method> <!-- paymentlogoTest -->
        <test-method is-config="true" signature="tearDown()[pri:0, instance:com.qa.practice.testcases.loginPageTest@4efc180e]" started-at="2022-09-20T15:46:07 BST" name="tearDown" finished-at="2022-09-20T15:46:07 BST" duration-ms="81" status="PASS">
          <reporter-output>
          </reporter-output>
        </test-method> <!-- tearDown -->
      </class> <!-- com.qa.practice.testcases.loginPageTest -->
    </test> <!-- methods -->
  </suite> <!-- Php Regression Suite -->
</testng-results>
