<?xml version="1.0" encoding="UTF-8"?>
<testng-results ignored="4" total="4" passed="0" failed="0" skipped="0">
  <reporter-output>
  </reporter-output>
  <suite started-at="2022-09-11T16:49:29 BST" name="Default suite" finished-at="2022-09-11T16:49:29 BST" duration-ms="73">
    <groups>
    </groups>
    <test started-at="2022-09-11T16:49:29 BST" name="Default test" finished-at="2022-09-11T16:49:29 BST" duration-ms="73">
    </test> <!-- Default test -->
  </suite> <!-- Default suite -->
</testng-results>
