<?xml version="1.0" encoding="UTF-8"?>
<testng-results ignored="0" total="3" passed="3" failed="0" skipped="0">
  <reporter-output>
  </reporter-output>
  <suite started-at="2022-09-04T17:24:04 BST" name="Php Regression Suite" finished-at="2022-09-04T17:24:25 BST" duration-ms="20734">
    <groups>
    </groups>
    <test started-at="2022-09-04T17:24:04 BST" name="methods" finished-at="2022-09-04T17:24:25 BST" duration-ms="20734">
      <class name="com.qa.practice.testcases.loginPageTest">
        <test-method is-config="true" signature="setUp()[pri:0, instance:com.qa.practice.testcases.loginPageTest@26e356f0]" started-at="2022-09-04T17:24:05 BST" name="setUp" finished-at="2022-09-04T17:24:13 BST" duration-ms="8155" status="PASS">
          <reporter-output>
          </reporter-output>
        </test-method> <!-- setUp -->
        <test-method signature="paymentlogoTest()[pri:0, instance:com.qa.practice.testcases.loginPageTest@26e356f0]" started-at="2022-09-04T17:24:13 BST" name="paymentlogoTest" finished-at="2022-09-04T17:24:13 BST" duration-ms="345" status="PASS">
          <reporter-output>
          </reporter-output>
        </test-method> <!-- paymentlogoTest -->
        <test-method is-config="true" signature="tearDown()[pri:0, instance:com.qa.practice.testcases.loginPageTest@26e356f0]" started-at="2022-09-04T17:24:13 BST" name="tearDown" finished-at="2022-09-04T17:24:13 BST" duration-ms="187" status="PASS">
          <reporter-output>
          </reporter-output>
        </test-method> <!-- tearDown -->
        <test-method is-config="true" signature="setUp()[pri:0, instance:com.qa.practice.testcases.loginPageTest@26e356f0]" started-at="2022-09-04T17:24:13 BST" name="setUp" finished-at="2022-09-04T17:24:17 BST" duration-ms="4121" status="PASS">
          <reporter-output>
          </reporter-output>
        </test-method> <!-- setUp -->
        <test-method signature="phpLogoTest()[pri:0, instance:com.qa.practice.testcases.loginPageTest@26e356f0]" started-at="2022-09-04T17:24:17 BST" name="phpLogoTest" finished-at="2022-09-04T17:24:18 BST" duration-ms="114" status="PASS">
          <reporter-output>
          </reporter-output>
        </test-method> <!-- phpLogoTest -->
        <test-method is-config="true" signature="tearDown()[pri:0, instance:com.qa.practice.testcases.loginPageTest@26e356f0]" started-at="2022-09-04T17:24:18 BST" name="tearDown" finished-at="2022-09-04T17:24:18 BST" duration-ms="206" status="PASS">
          <reporter-output>
          </reporter-output>
        </test-method> <!-- tearDown -->
        <test-method is-config="true" signature="setUp()[pri:0, instance:com.qa.practice.testcases.loginPageTest@26e356f0]" started-at="2022-09-04T17:24:18 BST" name="setUp" finished-at="2022-09-04T17:24:22 BST" duration-ms="3895" status="PASS">
          <reporter-output>
          </reporter-output>
        </test-method> <!-- setUp -->
        <test-method signature="validLoginTest()[pri:0, instance:com.qa.practice.testcases.loginPageTest@26e356f0]" started-at="2022-09-04T17:24:22 BST" name="validLoginTest" finished-at="2022-09-04T17:24:25 BST" duration-ms="3201" status="PASS">
          <reporter-output>
          </reporter-output>
        </test-method> <!-- validLoginTest -->
        <test-method is-config="true" signature="tearDown()[pri:0, instance:com.qa.practice.testcases.loginPageTest@26e356f0]" started-at="2022-09-04T17:24:25 BST" name="tearDown" finished-at="2022-09-04T17:24:25 BST" duration-ms="206" status="PASS">
          <reporter-output>
          </reporter-output>
        </test-method> <!-- tearDown -->
      </class> <!-- com.qa.practice.testcases.loginPageTest -->
    </test> <!-- methods -->
  </suite> <!-- Php Regression Suite -->
</testng-results>
